Start testing: Feb 28 01:59 Œrodkowoeuropejski czas stand.
----------------------------------------------------------
1/5 Testing: BoardTest.DefaultPositionFEN
1/5 Test: BoardTest.DefaultPositionFEN
Command: "C:/Users/Kuba/dev/chessbot/build/ChessbotTests.exe" "--gtest_filter=BoardTest.DefaultPositionFEN" "--gtest_also_run_disabled_tests"
Directory: C:/Users/Kuba/dev/chessbot/build
"BoardTest.DefaultPositionFEN" start time: Feb 28 01:59 Œrodkowoeuropejski czas stand.
Output:
----------------------------------------------------------
Running main() from C:\Users\Kuba\dev\chessbot\build\_deps\googletest-src\googletest\src\gtest_main.cc
Note: Google Test filter = BoardTest.DefaultPositionFEN
[==========] Running 1 test from 1 test suite.
[----------] Global test environment set-up.
[----------] 1 test from BoardTest
[ RUN      ] BoardTest.DefaultPositionFEN
C:\Users\Kuba\dev\chessbot\tests\BoardTests.cpp:25: Failure
Expected equality of these values:
  board.getPiece(4)
    Which is: 65
  Board::Board::KING
    Which is: 64
C:\Users\Kuba\dev\chessbot\tests\BoardTests.cpp:50: Failure
Expected equality of these values:
  board.getPiece(60)
    Which is: 64
  Board::Board::KING | Board::Board::COLOR
    Which is: 65
[  FAILED  ] BoardTest.DefaultPositionFEN (0 ms)
[----------] 1 test from BoardTest (0 ms total)

[----------] Global test environment tear-down
[==========] 1 test from 1 test suite ran. (0 ms total)
[  PASSED  ] 0 tests.
[  FAILED  ] 1 test, listed below:
[  FAILED  ] BoardTest.DefaultPositionFEN

 1 FAILED TEST
<end of output>
Test time =   0.01 sec
----------------------------------------------------------
Test Failed.
"BoardTest.DefaultPositionFEN" end time: Feb 28 01:59 Œrodkowoeuropejski czas stand.
"BoardTest.DefaultPositionFEN" time elapsed: 00:00:00
----------------------------------------------------------

2/5 Testing: BoardTest.EmptyBoardFEN
2/5 Test: BoardTest.EmptyBoardFEN
Command: "C:/Users/Kuba/dev/chessbot/build/ChessbotTests.exe" "--gtest_filter=BoardTest.EmptyBoardFEN" "--gtest_also_run_disabled_tests"
Directory: C:/Users/Kuba/dev/chessbot/build
"BoardTest.EmptyBoardFEN" start time: Feb 28 01:59 Œrodkowoeuropejski czas stand.
Output:
----------------------------------------------------------
Running main() from C:\Users\Kuba\dev\chessbot\build\_deps\googletest-src\googletest\src\gtest_main.cc
Note: Google Test filter = BoardTest.EmptyBoardFEN
[==========] Running 1 test from 1 test suite.
[----------] Global test environment set-up.
[----------] 1 test from BoardTest
[ RUN      ] BoardTest.EmptyBoardFEN
[       OK ] BoardTest.EmptyBoardFEN (0 ms)
[----------] 1 test from BoardTest (0 ms total)

[----------] Global test environment tear-down
[==========] 1 test from 1 test suite ran. (0 ms total)
[  PASSED  ] 1 test.
<end of output>
Test time =   0.01 sec
----------------------------------------------------------
Test Passed.
"BoardTest.EmptyBoardFEN" end time: Feb 28 01:59 Œrodkowoeuropejski czas stand.
"BoardTest.EmptyBoardFEN" time elapsed: 00:00:00
----------------------------------------------------------

3/5 Testing: BoardTest.CustomPositionFEN
3/5 Test: BoardTest.CustomPositionFEN
Command: "C:/Users/Kuba/dev/chessbot/build/ChessbotTests.exe" "--gtest_filter=BoardTest.CustomPositionFEN" "--gtest_also_run_disabled_tests"
Directory: C:/Users/Kuba/dev/chessbot/build
"BoardTest.CustomPositionFEN" start time: Feb 28 01:59 Œrodkowoeuropejski czas stand.
Output:
----------------------------------------------------------
Running main() from C:\Users\Kuba\dev\chessbot\build\_deps\googletest-src\googletest\src\gtest_main.cc
Note: Google Test filter = BoardTest.CustomPositionFEN
[==========] Running 1 test from 1 test suite.
[----------] Global test environment set-up.
[----------] 1 test from BoardTest
[ RUN      ] BoardTest.CustomPositionFEN
C:\Users\Kuba\dev\chessbot\tests\BoardTests.cpp:73: Failure
Expected equality of these values:
  board.getPiece(4)
    Which is: 65
  Board::Board::KING
    Which is: 64
C:\Users\Kuba\dev\chessbot\tests\BoardTests.cpp:74: Failure
Expected equality of these values:
  board.getPiece(27)
    Which is: 0
  Board::Board::PAWN
    Which is: 2
C:\Users\Kuba\dev\chessbot\tests\BoardTests.cpp:76: Failure
Expected equality of these values:
  board.getPiece(60)
    Which is: 64
  Board::Board::KING | Board::Board::COLOR
    Which is: 65
[  FAILED  ] BoardTest.CustomPositionFEN (0 ms)
[----------] 1 test from BoardTest (0 ms total)

[----------] Global test environment tear-down
[==========] 1 test from 1 test suite ran. (0 ms total)
[  PASSED  ] 0 tests.
[  FAILED  ] 1 test, listed below:
[  FAILED  ] BoardTest.CustomPositionFEN

 1 FAILED TEST
<end of output>
Test time =   0.01 sec
----------------------------------------------------------
Test Failed.
"BoardTest.CustomPositionFEN" end time: Feb 28 01:59 Œrodkowoeuropejski czas stand.
"BoardTest.CustomPositionFEN" time elapsed: 00:00:00
----------------------------------------------------------

4/5 Testing: BoardTest.InvalidFENCharacter
4/5 Test: BoardTest.InvalidFENCharacter
Command: "C:/Users/Kuba/dev/chessbot/build/ChessbotTests.exe" "--gtest_filter=BoardTest.InvalidFENCharacter" "--gtest_also_run_disabled_tests"
Directory: C:/Users/Kuba/dev/chessbot/build
"BoardTest.InvalidFENCharacter" start time: Feb 28 01:59 Œrodkowoeuropejski czas stand.
Output:
----------------------------------------------------------
Running main() from C:\Users\Kuba\dev\chessbot\build\_deps\googletest-src\googletest\src\gtest_main.cc
Note: Google Test filter = BoardTest.InvalidFENCharacter
[==========] Running 1 test from 1 test suite.
[----------] Global test environment set-up.
[----------] 1 test from BoardTest
[ RUN      ] BoardTest.InvalidFENCharacter
Running main() from C:\Users\Kuba\dev\chessbot\build\_deps\googletest-src\googletest\src\gtest_main.cc
[       OK ] BoardTest.InvalidFENCharacter (11 ms)
[----------] 1 test from BoardTest (11 ms total)

[----------] Global test environment tear-down
[==========] 1 test from 1 test suite ran. (11 ms total)
[  PASSED  ] 1 test.
<end of output>
Test time =   0.02 sec
----------------------------------------------------------
Test Passed.
"BoardTest.InvalidFENCharacter" end time: Feb 28 01:59 Œrodkowoeuropejski czas stand.
"BoardTest.InvalidFENCharacter" time elapsed: 00:00:00
----------------------------------------------------------

5/5 Testing: BoardTest.InvalidFENFormat
5/5 Test: BoardTest.InvalidFENFormat
Command: "C:/Users/Kuba/dev/chessbot/build/ChessbotTests.exe" "--gtest_filter=BoardTest.InvalidFENFormat" "--gtest_also_run_disabled_tests"
Directory: C:/Users/Kuba/dev/chessbot/build
"BoardTest.InvalidFENFormat" start time: Feb 28 01:59 Œrodkowoeuropejski czas stand.
Output:
----------------------------------------------------------
Running main() from C:\Users\Kuba\dev\chessbot\build\_deps\googletest-src\googletest\src\gtest_main.cc
Note: Google Test filter = BoardTest.InvalidFENFormat
[==========] Running 1 test from 1 test suite.
[----------] Global test environment set-up.
[----------] 1 test from BoardTest
[ RUN      ] BoardTest.InvalidFENFormat
Running main() from C:\Users\Kuba\dev\chessbot\build\_deps\googletest-src\googletest\src\gtest_main.cc
C:\Users\Kuba\dev\chessbot\tests\BoardTests.cpp:100: Failure
Death test: board.setFromFEN(invalidFEN)
    Result: failed to die.
 Error msg:
[  DEATH   ] 
[  FAILED  ] BoardTest.InvalidFENFormat (7 ms)
[----------] 1 test from BoardTest (7 ms total)

[----------] Global test environment tear-down
[==========] 1 test from 1 test suite ran. (7 ms total)
[  PASSED  ] 0 tests.
[  FAILED  ] 1 test, listed below:
[  FAILED  ] BoardTest.InvalidFENFormat

 1 FAILED TEST
<end of output>
Test time =   0.02 sec
----------------------------------------------------------
Test Failed.
"BoardTest.InvalidFENFormat" end time: Feb 28 01:59 Œrodkowoeuropejski czas stand.
"BoardTest.InvalidFENFormat" time elapsed: 00:00:00
----------------------------------------------------------

End testing: Feb 28 01:59 Œrodkowoeuropejski czas stand.
